Arguments: 
  /usr/local/bin/node /usr/share/yarn/bin/yarn.js

PATH: 
  /home/kamentu/.opam/default/bin:/home/kamentu/.cargo/bin:/home/kamentu/.rbenv/shims:/home/kamentu/.rbenv/bin:/home/kamentu/.vscode-server/bin/695af097c7bd098fbf017ce3ac85e09bbc5dda06/bin/remote-cli:/usr/local/sbin:/usr/local/bin:/usr/sbin:/usr/bin:/sbin:/bin:/usr/games:/usr/local/games:/snap/bin

Yarn version: 
  1.22.19

Node version: 
  18.14.2

Platform: 
  linux x64

Trace: 
  Error: connect ECONNREFUSED 2606:4700::6810:1b23:443
      at TCPConnectWrap.afterConnect [as oncomplete] (node:net:1494:16)

npm manifest: 
  {
    "devDependencies": {
      "@types/node": "^20.3.1",
      "nodemon": "^2.0.22",
      "ts-node": "^10.9.1"
    },
    "name": "tslearning",
    "version": "1.0.0",
    "main": "index.js",
    "dependencies": {
      "abbrev": "^1.1.1",
      "acorn": "^8.9.0",
      "acorn-walk": "^8.2.0",
      "anymatch": "^3.1.3",
      "arg": "^4.1.3",
      "balanced-match": "^1.0.2",
      "binary-extensions": "^2.2.0",
      "brace-expansion": "^1.1.11",
      "braces": "^3.0.2",
      "chokidar": "^3.5.3",
      "concat-map": "^0.0.1",
      "create-require": "^1.1.1",
      "debug": "^3.2.7",
      "diff": "^4.0.2",
      "fill-range": "^7.0.1",
      "glob-parent": "^5.1.2",
      "has-flag": "^3.0.0",
      "ignore-by-default": "^1.0.1",
      "is-binary-path": "^2.1.0",
      "is-extglob": "^2.1.1",
      "is-glob": "^4.0.3",
      "is-number": "^7.0.0",
      "make-error": "^1.3.6",
      "minimatch": "^3.1.2",
      "ms": "^2.1.3",
      "nopt": "^1.0.10",
      "normalize-path": "^3.0.0",
      "picomatch": "^2.3.1",
      "pstree.remy": "^1.1.8",
      "readdirp": "^3.6.0",
      "semver": "^5.7.1",
      "simple-update-notifier": "^1.1.0",
      "supports-color": "^5.5.0",
      "to-regex-range": "^5.0.1",
      "touch": "^3.1.0",
      "typescript": "^5.1.3",
      "undefsafe": "^2.0.5",
      "v8-compile-cache-lib": "^3.0.1",
      "yn": "^3.1.1"
    },
    "scripts": {
      "test": "echo \"Error: no test specified\" && exit 1"
    },
    "keywords": [],
    "author": "",
    "license": "ISC",
    "description": ""
  }

yarn manifest: 
  No manifest

Lockfile: 
  No lockfile
